<?xml version="1.0" encoding="UTF-8"?>
<!-- Generated by org.testng.reporters.JUnitReportReporter -->
<testsuite skipped="0" hostname="MAVBCP733" name="com.internetapp.tests.a_Elements" tests="1" failures="0" timestamp="09 Jul 2020 07:51:50 GMT" time="52.573" errors="0">
  <testcase name="Test2" time="52.573" classname="com.internetapp.tests.a_Elements"/>
</testsuite> <!-- com.internetapp.tests.a_Elements -->
